<?xml version="1.0" encoding="UTF-8"?>
<!-- Generated by org.testng.reporters.JUnitReportReporter -->
<testsuite hostname="DESKTOP-JNSJ7SC" failures="0" tests="1" name="apiTest" time="0.012" errors="0" timestamp="2024-12-24T19:12:20 IST" skipped="0">
  <testcase classname="apiTest" name="testfirst" time="0.012"/>
</testsuite> <!-- apiTest -->
